This file contains any messages produced by compilers while
running configure, to aid debugging if configure makes a mistake.

It was created by libsigc++ configure 2.10.2, which was
generated by GNU Autoconf 2.69.  Invocation command line was

  $ ./configure --host=x86_64-w64-mingw32 --enable-static=yes --enable-shared=no --prefix= --with-boost=no --disable-documentation

## --------- ##
## Platform. ##
## --------- ##

hostname = frank
uname -m = x86_64
uname -r = 4.19.0-5-amd64
uname -s = Linux
uname -v = #1 SMP Debian 4.19.37-5 (2019-06-19)

/usr/bin/uname -p = unknown
/bin/uname -X     = unknown

/bin/arch              = unknown
/usr/bin/arch -k       = unknown
/usr/convex/getsysinfo = unknown
/usr/bin/hostinfo      = unknown
/bin/machine           = unknown
/usr/bin/oslevel       = unknown
/bin/universe          = unknown

PATH: /usr/local/bin
PATH: /usr/bin
PATH: /bin
PATH: /usr/local/games
PATH: /usr/games
PATH: /snap/bin
PATH: /opt/rs90-toolchain/usr/bin


## ----------- ##
## Core tests. ##
## ----------- ##

configure:2416: checking for a BSD-compatible install
configure:2484: result: /usr/bin/install -c
configure:2495: checking whether build environment is sane
configure:2550: result: yes
configure:2607: checking for x86_64-w64-mingw32-strip
configure:2623: found /usr/bin/x86_64-w64-mingw32-strip
configure:2634: result: x86_64-w64-mingw32-strip
configure:2699: checking for a thread-safe mkdir -p
configure:2738: result: /bin/mkdir -p
configure:2745: checking for gawk
configure:2761: found /usr/bin/gawk
configure:2772: result: gawk
configure:2783: checking whether make sets $(MAKE)
configure:2805: result: yes
configure:2834: checking whether make supports nested variables
configure:2851: result: yes
configure:2931: checking whether UID '1000' is supported by ustar format
configure:2934: result: yes
configure:2941: checking whether GID '1000' is supported by ustar format
configure:2944: result: yes
configure:2952: checking how to create a ustar tar archive
configure:2963: tar --version
tar (GNU tar) 1.30
Copyright (C) 2017 Free Software Foundation, Inc.
License GPLv3+: GNU GPL version 3 or later <https://gnu.org/licenses/gpl.html>.
This is free software: you are free to change and redistribute it.
There is NO WARRANTY, to the extent permitted by law.

Written by John Gilmore and Jay Fenlason.
configure:2966: $? = 0
configure:3006: tardir=conftest.dir && eval tar --format=ustar -chf - "$tardir" >conftest.tar
configure:3009: $? = 0
configure:3013: tar -xf - <conftest.tar
configure:3016: $? = 0
configure:3018: cat conftest.dir/file
GrepMe
configure:3021: $? = 0
configure:3034: result: gnutar
configure:3097: checking whether make supports nested variables
configure:3114: result: yes
configure:3126: checking whether to enable maintainer-specific portions of Makefiles
configure:3135: result: no
configure:3152: checking whether make supports GNU make features
test 'success' = success
configure:3166: result: yes
configure:3221: checking for x86_64-w64-mingw32-g++
configure:3237: found /usr/bin/x86_64-w64-mingw32-g++
configure:3248: result: x86_64-w64-mingw32-g++
configure:3319: checking for C++ compiler version
configure:3328: x86_64-w64-mingw32-g++ --version >&5
x86_64-w64-mingw32-g++ (GCC) 8.3-win32 20190406
Copyright (C) 2018 Free Software Foundation, Inc.
This is free software; see the source for copying conditions.  There is NO
warranty; not even for MERCHANTABILITY or FITNESS FOR A PARTICULAR PURPOSE.

configure:3339: $? = 0
configure:3328: x86_64-w64-mingw32-g++ -v >&5
Using built-in specs.
COLLECT_GCC=x86_64-w64-mingw32-g++
COLLECT_LTO_WRAPPER=/usr/lib/gcc/x86_64-w64-mingw32/8.3-win32/lto-wrapper
Target: x86_64-w64-mingw32
Configured with: ../../src/configure --build=x86_64-linux-gnu --prefix=/usr --includedir='/usr/include' --mandir='/usr/share/man' --infodir='/usr/share/info' --sysconfdir=/etc --localstatedir=/var --disable-silent-rules --libdir='/usr/lib/x86_64-linux-gnu' --libexecdir='/usr/lib/x86_64-linux-gnu' --disable-maintainer-mode --disable-dependency-tracking --prefix=/usr --enable-shared --enable-static --disable-multilib --with-system-zlib --libexecdir=/usr/lib --without-included-gettext --libdir=/usr/lib --enable-libstdcxx-time=yes --with-tune=generic --with-headers=/usr/x86_64-w64-mingw32/include --enable-version-specific-runtime-libs --enable-fully-dynamic-string --enable-libgomp --enable-languages=c,c++,fortran,objc,obj-c++,ada --enable-lto --enable-threads=win32 --program-suffix=-win32 --program-prefix=x86_64-w64-mingw32- --target=x86_64-w64-mingw32 --with-as=/usr/bin/x86_64-w64-mingw32-as --with-ld=/usr/bin/x86_64-w64-mingw32-ld --enable-libatomic --enable-libstdcxx-filesystem-ts=yes
Thread model: win32
gcc version 8.3-win32 20190406 (GCC) 
configure:3339: $? = 0
configure:3328: x86_64-w64-mingw32-g++ -V >&5
x86_64-w64-mingw32-g++: error: unrecognized command line option '-V'
x86_64-w64-mingw32-g++: fatal error: no input files
compilation terminated.
configure:3339: $? = 1
configure:3328: x86_64-w64-mingw32-g++ -qversion >&5
x86_64-w64-mingw32-g++: error: unrecognized command line option '-qversion'; did you mean '--version'?
x86_64-w64-mingw32-g++: fatal error: no input files
compilation terminated.
configure:3339: $? = 1
configure:3359: checking whether the C++ compiler works
configure:3381: x86_64-w64-mingw32-g++    conftest.cpp  >&5
configure:3385: $? = 0
configure:3433: result: yes
configure:3436: checking for C++ compiler default output file name
configure:3438: result: a.exe
configure:3444: checking for suffix of executables
configure:3451: x86_64-w64-mingw32-g++ -o conftest.exe    conftest.cpp  >&5
configure:3455: $? = 0
configure:3477: result: .exe
configure:3499: checking whether we are cross compiling
configure:3507: x86_64-w64-mingw32-g++ -o conftest.exe    conftest.cpp  >&5
configure:3511: $? = 0
configure:3518: ./conftest.exe
./configure: line 3520: ./conftest.exe: cannot execute binary file: Exec format error
configure:3522: $? = 126
configure:3510: result: yes
configure:3515: checking for suffix of object files
configure:3537: x86_64-w64-mingw32-g++ -c   conftest.cpp >&5
configure:3541: $? = 0
configure:3562: result: o
configure:3566: checking whether we are using the GNU C++ compiler
configure:3585: x86_64-w64-mingw32-g++ -c   conftest.cpp >&5
configure:3585: $? = 0
configure:3594: result: yes
configure:3603: checking whether x86_64-w64-mingw32-g++ accepts -g
configure:3623: x86_64-w64-mingw32-g++ -c -g  conftest.cpp >&5
configure:3623: $? = 0
configure:3664: result: yes
configure:3690: checking whether make supports the include directive
configure:3705: make -f confmf.GNU && cat confinc.out
this is the am__doit target
configure:3708: $? = 0
configure:3727: result: yes (GNU style)
configure:3752: checking dependency style of x86_64-w64-mingw32-g++
configure:3863: result: gcc3
configure:3886: checking whether x86_64-w64-mingw32-g++ supports C++11 features by default
configure:4180: x86_64-w64-mingw32-g++ -c -g -O2  conftest.cpp >&5
configure:4180: $? = 0
configure:4187: result: yes
configure:4604: checking build system type
configure:4618: result: x86_64-pc-linux-gnu
configure:4638: checking host system type
configure:4651: result: x86_64-w64-mingw32
configure:4692: checking how to print strings
configure:4719: result: printf
configure:4748: checking for x86_64-w64-mingw32-gcc
configure:4764: found /usr/bin/x86_64-w64-mingw32-gcc
configure:4775: result: x86_64-w64-mingw32-gcc
configure:5044: checking for C compiler version
configure:5053: x86_64-w64-mingw32-gcc --version >&5
x86_64-w64-mingw32-gcc (GCC) 8.3-win32 20190406
Copyright (C) 2018 Free Software Foundation, Inc.
This is free software; see the source for copying conditions.  There is NO
warranty; not even for MERCHANTABILITY or FITNESS FOR A PARTICULAR PURPOSE.

configure:5064: $? = 0
configure:5053: x86_64-w64-mingw32-gcc -v >&5
Using built-in specs.
COLLECT_GCC=x86_64-w64-mingw32-gcc
COLLECT_LTO_WRAPPER=/usr/lib/gcc/x86_64-w64-mingw32/8.3-win32/lto-wrapper
Target: x86_64-w64-mingw32
Configured with: ../../src/configure --build=x86_64-linux-gnu --prefix=/usr --includedir='/usr/include' --mandir='/usr/share/man' --infodir='/usr/share/info' --sysconfdir=/etc --localstatedir=/var --disable-silent-rules --libdir='/usr/lib/x86_64-linux-gnu' --libexecdir='/usr/lib/x86_64-linux-gnu' --disable-maintainer-mode --disable-dependency-tracking --prefix=/usr --enable-shared --enable-static --disable-multilib --with-system-zlib --libexecdir=/usr/lib --without-included-gettext --libdir=/usr/lib --enable-libstdcxx-time=yes --with-tune=generic --with-headers=/usr/x86_64-w64-mingw32/include --enable-version-specific-runtime-libs --enable-fully-dynamic-string --enable-libgomp --enable-languages=c,c++,fortran,objc,obj-c++,ada --enable-lto --enable-threads=win32 --program-suffix=-win32 --program-prefix=x86_64-w64-mingw32- --target=x86_64-w64-mingw32 --with-as=/usr/bin/x86_64-w64-mingw32-as --with-ld=/usr/bin/x86_64-w64-mingw32-ld --enable-libatomic --enable-libstdcxx-filesystem-ts=yes
Thread model: win32
gcc version 8.3-win32 20190406 (GCC) 
configure:5064: $? = 0
configure:5053: x86_64-w64-mingw32-gcc -V >&5
x86_64-w64-mingw32-gcc: error: unrecognized command line option '-V'
x86_64-w64-mingw32-gcc: fatal error: no input files
compilation terminated.
configure:5064: $? = 1
configure:5053: x86_64-w64-mingw32-gcc -qversion >&5
x86_64-w64-mingw32-gcc: error: unrecognized command line option '-qversion'; did you mean '--version'?
x86_64-w64-mingw32-gcc: fatal error: no input files
compilation terminated.
configure:5064: $? = 1
configure:5068: checking whether we are using the GNU C compiler
configure:5087: x86_64-w64-mingw32-gcc -c   conftest.c >&5
configure:5087: $? = 0
configure:5096: result: yes
configure:5105: checking whether x86_64-w64-mingw32-gcc accepts -g
configure:5125: x86_64-w64-mingw32-gcc -c -g  conftest.c >&5
configure:5125: $? = 0
configure:5166: result: yes
configure:5183: checking for x86_64-w64-mingw32-gcc option to accept ISO C89
configure:5246: x86_64-w64-mingw32-gcc  -c -g -O2  conftest.c >&5
configure:5246: $? = 0
configure:5259: result: none needed
configure:5284: checking whether x86_64-w64-mingw32-gcc understands -c and -o together
configure:5306: x86_64-w64-mingw32-gcc -c conftest.c -o conftest2.o
configure:5309: $? = 0
configure:5306: x86_64-w64-mingw32-gcc -c conftest.c -o conftest2.o
configure:5309: $? = 0
configure:5321: result: yes
configure:5340: checking dependency style of x86_64-w64-mingw32-gcc
configure:5451: result: gcc3
configure:5466: checking for a sed that does not truncate output
configure:5530: result: /bin/sed
configure:5548: checking for grep that handles long lines and -e
configure:5606: result: /bin/grep
configure:5611: checking for egrep
configure:5673: result: /bin/grep -E
configure:5678: checking for fgrep
configure:5740: result: /bin/grep -F
configure:5775: checking for ld used by x86_64-w64-mingw32-gcc
configure:5842: result: /usr/bin/x86_64-w64-mingw32-ld
configure:5849: checking if the linker (/usr/bin/x86_64-w64-mingw32-ld) is GNU ld
configure:5864: result: yes
configure:5876: checking for BSD- or MS-compatible name lister (nm)
configure:5930: result: /usr/bin/x86_64-w64-mingw32-nm -B
configure:6060: checking the name lister (/usr/bin/x86_64-w64-mingw32-nm -B) interface
configure:6067: x86_64-w64-mingw32-gcc -c -g -O2  conftest.c >&5
configure:6070: /usr/bin/x86_64-w64-mingw32-nm -B "conftest.o"
configure:6073: output
0000000000000000 b .bss
0000000000000000 d .data
0000000000000000 N .debug_abbrev
0000000000000000 N .debug_aranges
0000000000000000 N .debug_info
0000000000000000 N .debug_line
0000000000000000 r .rdata$zzz
0000000000000000 t .text
0000000000000000 B some_variable
configure:6074: result: BSD nm
configure:6077: checking whether ln -s works
configure:6081: result: yes
configure:6089: checking the maximum length of command line arguments
configure:6220: result: 1572864
configure:6268: checking how to convert x86_64-pc-linux-gnu file names to x86_64-w64-mingw32 format
configure:6308: result: func_convert_file_nix_to_w32
configure:6315: checking how to convert x86_64-pc-linux-gnu file names to toolchain format
configure:6335: result: func_convert_file_noop
configure:6342: checking for /usr/bin/x86_64-w64-mingw32-ld option to reload object files
configure:6349: result: -r
configure:6383: checking for x86_64-w64-mingw32-objdump
configure:6399: found /usr/bin/x86_64-w64-mingw32-objdump
configure:6410: result: x86_64-w64-mingw32-objdump
configure:6479: checking how to recognize dependent libraries
configure:6679: result: file_magic ^x86 archive import|^x86 DLL
configure:6724: checking for x86_64-w64-mingw32-dlltool
configure:6740: found /usr/bin/x86_64-w64-mingw32-dlltool
configure:6751: result: x86_64-w64-mingw32-dlltool
configure:6821: checking how to associate runtime and link libraries
configure:6848: result: func_cygming_dll_for_implib
configure:6865: checking for x86_64-w64-mingw32-ar
configure:6881: found /usr/bin/x86_64-w64-mingw32-ar
configure:6892: result: x86_64-w64-mingw32-ar
configure:6973: checking for archiver @FILE support
configure:6990: x86_64-w64-mingw32-gcc -c -g -O2  conftest.c >&5
configure:6990: $? = 0
configure:6993: x86_64-w64-mingw32-ar cru libconftest.a @conftest.lst >&5
x86_64-w64-mingw32-ar: `u' modifier ignored since `D' is the default (see `U')
configure:6996: $? = 0
configure:7001: x86_64-w64-mingw32-ar cru libconftest.a @conftest.lst >&5
x86_64-w64-mingw32-ar: `u' modifier ignored since `D' is the default (see `U')
x86_64-w64-mingw32-ar: conftest.o: No such file or directory
configure:7004: $? = 1
configure:7003: result: @
configure:7021: checking for x86_64-w64-mingw32-strip
configure:7048: result: x86_64-w64-mingw32-strip
configure:7120: checking for x86_64-w64-mingw32-ranlib
configure:7136: found /usr/bin/x86_64-w64-mingw32-ranlib
configure:7147: result: x86_64-w64-mingw32-ranlib
configure:7289: checking command to parse /usr/bin/x86_64-w64-mingw32-nm -B output from x86_64-w64-mingw32-gcc object
configure:7442: x86_64-w64-mingw32-gcc -c -g -O2  conftest.c >&5
configure:7445: $? = 0
configure:7449: /usr/bin/x86_64-w64-mingw32-nm -B conftest.o | sed -n -e 's/^.*[	 ]\([ABCDGIRSTW][ABCDGIRSTW]*\)[	 ][	 ]*\([_A-Za-z][_A-Za-z0-9]*\)$/\1 \2 \2/p' | sed '/ __gnu_lto/d' > conftest.nm
configure:7515: x86_64-w64-mingw32-gcc -o conftest.exe -g -O2   conftest.c conftstm.o >&5
configure:7518: $? = 0
configure:7556: result: ok
configure:7603: checking for sysroot
configure:7633: result: no
configure:7640: checking for a working dd
configure:7678: result: /bin/dd
configure:7682: checking how to truncate binary pipes
configure:7697: result: /bin/dd bs=4096 count=1
configure:7986: checking for x86_64-w64-mingw32-mt
configure:8016: result: no
configure:8026: checking for mt
configure:8042: found /bin/mt
configure:8053: result: mt
configure:8065: WARNING: using cross tools not prefixed with host triplet
configure:8076: checking if mt is a manifest tool
configure:8082: mt '-?'
configure:8090: result: no
configure:8767: checking how to run the C preprocessor
configure:8798: x86_64-w64-mingw32-gcc -E  conftest.c
configure:8798: $? = 0
configure:8812: x86_64-w64-mingw32-gcc -E  conftest.c
conftest.c:13:10: fatal error: ac_nonexistent.h: No such file or directory
 #include <ac_nonexistent.h>
          ^~~~~~~~~~~~~~~~~~
compilation terminated.
configure:8812: $? = 1
configure: failed program was:
| /* confdefs.h */
| #define PACKAGE_NAME "libsigc++"
| #define PACKAGE_TARNAME "libsigc++"
| #define PACKAGE_VERSION "2.10.2"
| #define PACKAGE_STRING "libsigc++ 2.10.2"
| #define PACKAGE_BUGREPORT "https://github.com/libsigcplusplus/libsigcplusplus/issues/"
| #define PACKAGE_URL "https://libsigcplusplus.github.io/libsigcplusplus/"
| #define SIGCXX_MAJOR_VERSION 2
| #define SIGCXX_MINOR_VERSION 10
| #define SIGCXX_MICRO_VERSION 2
| #define HAVE_CXX11 1
| /* end confdefs.h.  */
| #include <ac_nonexistent.h>
configure:8837: result: x86_64-w64-mingw32-gcc -E
configure:8857: x86_64-w64-mingw32-gcc -E  conftest.c
configure:8857: $? = 0
configure:8871: x86_64-w64-mingw32-gcc -E  conftest.c
conftest.c:13:10: fatal error: ac_nonexistent.h: No such file or directory
 #include <ac_nonexistent.h>
          ^~~~~~~~~~~~~~~~~~
compilation terminated.
configure:8871: $? = 1
configure: failed program was:
| /* confdefs.h */
| #define PACKAGE_NAME "libsigc++"
| #define PACKAGE_TARNAME "libsigc++"
| #define PACKAGE_VERSION "2.10.2"
| #define PACKAGE_STRING "libsigc++ 2.10.2"
| #define PACKAGE_BUGREPORT "https://github.com/libsigcplusplus/libsigcplusplus/issues/"
| #define PACKAGE_URL "https://libsigcplusplus.github.io/libsigcplusplus/"
| #define SIGCXX_MAJOR_VERSION 2
| #define SIGCXX_MINOR_VERSION 10
| #define SIGCXX_MICRO_VERSION 2
| #define HAVE_CXX11 1
| /* end confdefs.h.  */
| #include <ac_nonexistent.h>
configure:8900: checking for ANSI C header files
configure:8920: x86_64-w64-mingw32-gcc -c -g -O2  conftest.c >&5
configure:8920: $? = 0
configure:9004: result: yes
configure:9017: checking for sys/types.h
configure:9017: x86_64-w64-mingw32-gcc -c -g -O2  conftest.c >&5
configure:9017: $? = 0
configure:9017: result: yes
configure:9017: checking for sys/stat.h
configure:9017: x86_64-w64-mingw32-gcc -c -g -O2  conftest.c >&5
configure:9017: $? = 0
configure:9017: result: yes
configure:9017: checking for stdlib.h
configure:9017: x86_64-w64-mingw32-gcc -c -g -O2  conftest.c >&5
configure:9017: $? = 0
configure:9017: result: yes
configure:9017: checking for string.h
configure:9017: x86_64-w64-mingw32-gcc -c -g -O2  conftest.c >&5
configure:9017: $? = 0
configure:9017: result: yes
configure:9017: checking for memory.h
configure:9017: x86_64-w64-mingw32-gcc -c -g -O2  conftest.c >&5
configure:9017: $? = 0
configure:9017: result: yes
configure:9017: checking for strings.h
configure:9017: x86_64-w64-mingw32-gcc -c -g -O2  conftest.c >&5
configure:9017: $? = 0
configure:9017: result: yes
configure:9017: checking for inttypes.h
configure:9017: x86_64-w64-mingw32-gcc -c -g -O2  conftest.c >&5
configure:9017: $? = 0
configure:9017: result: yes
configure:9017: checking for stdint.h
configure:9017: x86_64-w64-mingw32-gcc -c -g -O2  conftest.c >&5
configure:9017: $? = 0
configure:9017: result: yes
configure:9017: checking for unistd.h
configure:9017: x86_64-w64-mingw32-gcc -c -g -O2  conftest.c >&5
configure:9017: $? = 0
configure:9017: result: yes
configure:9031: checking for dlfcn.h
configure:9031: x86_64-w64-mingw32-gcc -c -g -O2  conftest.c >&5
conftest.c:57:10: fatal error: dlfcn.h: No such file or directory
 #include <dlfcn.h>
          ^~~~~~~~~
compilation terminated.
configure:9031: $? = 1
configure: failed program was:
| /* confdefs.h */
| #define PACKAGE_NAME "libsigc++"
| #define PACKAGE_TARNAME "libsigc++"
| #define PACKAGE_VERSION "2.10.2"
| #define PACKAGE_STRING "libsigc++ 2.10.2"
| #define PACKAGE_BUGREPORT "https://github.com/libsigcplusplus/libsigcplusplus/issues/"
| #define PACKAGE_URL "https://libsigcplusplus.github.io/libsigcplusplus/"
| #define SIGCXX_MAJOR_VERSION 2
| #define SIGCXX_MINOR_VERSION 10
| #define SIGCXX_MICRO_VERSION 2
| #define HAVE_CXX11 1
| #define STDC_HEADERS 1
| #define HAVE_SYS_TYPES_H 1
| #define HAVE_SYS_STAT_H 1
| #define HAVE_STDLIB_H 1
| #define HAVE_STRING_H 1
| #define HAVE_MEMORY_H 1
| #define HAVE_STRINGS_H 1
| #define HAVE_INTTYPES_H 1
| #define HAVE_STDINT_H 1
| #define HAVE_UNISTD_H 1
| /* end confdefs.h.  */
| #include <stdio.h>
| #ifdef HAVE_SYS_TYPES_H
| # include <sys/types.h>
| #endif
| #ifdef HAVE_SYS_STAT_H
| # include <sys/stat.h>
| #endif
| #ifdef STDC_HEADERS
| # include <stdlib.h>
| # include <stddef.h>
| #else
| # ifdef HAVE_STDLIB_H
| #  include <stdlib.h>
| # endif
| #endif
| #ifdef HAVE_STRING_H
| # if !defined STDC_HEADERS && defined HAVE_MEMORY_H
| #  include <memory.h>
| # endif
| # include <string.h>
| #endif
| #ifdef HAVE_STRINGS_H
| # include <strings.h>
| #endif
| #ifdef HAVE_INTTYPES_H
| # include <inttypes.h>
| #endif
| #ifdef HAVE_STDINT_H
| # include <stdint.h>
| #endif
| #ifdef HAVE_UNISTD_H
| # include <unistd.h>
| #endif
| 
| #include <dlfcn.h>
configure:9031: result: no
configure:9064: checking for x86_64-w64-mingw32-as
configure:9080: found /usr/bin/x86_64-w64-mingw32-as
configure:9091: result: x86_64-w64-mingw32-as
configure:9156: checking for x86_64-w64-mingw32-dlltool
configure:9183: result: x86_64-w64-mingw32-dlltool
configure:9248: checking for x86_64-w64-mingw32-objdump
configure:9275: result: x86_64-w64-mingw32-objdump
configure:9565: checking for objdir
configure:9580: result: .libs
configure:9844: checking if x86_64-w64-mingw32-gcc supports -fno-rtti -fno-exceptions
configure:9862: x86_64-w64-mingw32-gcc -c -g -O2  -fno-rtti -fno-exceptions conftest.c >&5
cc1: warning: command line option '-fno-rtti' is valid for C++/ObjC++ but not for C
configure:9866: $? = 0
configure:9879: result: no
configure:10243: checking for x86_64-w64-mingw32-gcc option to produce PIC
configure:10250: result: -DDLL_EXPORT -DPIC
configure:10258: checking if x86_64-w64-mingw32-gcc PIC flag -DDLL_EXPORT -DPIC works
configure:10276: x86_64-w64-mingw32-gcc -c -g -O2  -DDLL_EXPORT -DPIC -DPIC conftest.c >&5
configure:10280: $? = 0
configure:10293: result: yes
configure:10322: checking if x86_64-w64-mingw32-gcc static flag -static works
configure:10350: result: yes
configure:10365: checking if x86_64-w64-mingw32-gcc supports -c -o file.o
configure:10386: x86_64-w64-mingw32-gcc -c -g -O2  -o out/conftest2.o conftest.c >&5
configure:10390: $? = 0
configure:10412: result: yes
configure:10420: checking if x86_64-w64-mingw32-gcc supports -c -o file.o
configure:10467: result: yes
configure:10500: checking whether the x86_64-w64-mingw32-gcc linker (/usr/bin/x86_64-w64-mingw32-ld) supports shared libraries
configure:11763: result: yes
configure:12003: checking dynamic linker characteristics
configure:12833: result: Win32 ld.exe
configure:12955: checking how to hardcode library paths into programs
configure:12980: result: immediate
configure:13528: checking whether stripping libraries is possible
configure:13533: result: yes
configure:13568: checking if libtool supports shared libraries
configure:13570: result: yes
configure:13573: checking whether to build shared libraries
configure:13598: result: no
configure:13601: checking whether to build static libraries
configure:13605: result: yes
configure:10404: checking how to run the C++ preprocessor
configure:10431: x86_64-w64-mingw32-g++ -E  conftest.cpp
configure:10431: $? = 0
configure:10445: x86_64-w64-mingw32-g++ -E  conftest.cpp
conftest.cpp:24:10: fatal error: ac_nonexistent.h: No such file or directory
 #include <ac_nonexistent.h>
          ^~~~~~~~~~~~~~~~~~
compilation terminated.
configure:10445: $? = 1
configure: failed program was:
| /* confdefs.h */
| #define PACKAGE_NAME "libsigc++"
| #define PACKAGE_TARNAME "libsigc++"
| #define PACKAGE_VERSION "2.10.2"
| #define PACKAGE_STRING "libsigc++ 2.10.2"
| #define PACKAGE_BUGREPORT "https://github.com/libsigcplusplus/libsigcplusplus/issues/"
| #define PACKAGE_URL "https://libsigcplusplus.github.io/libsigcplusplus/"
| #define SIGCXX_MAJOR_VERSION 2
| #define SIGCXX_MINOR_VERSION 10
| #define SIGCXX_MICRO_VERSION 2
| #define HAVE_CXX11 1
| #define STDC_HEADERS 1
| #define HAVE_SYS_TYPES_H 1
| #define HAVE_SYS_STAT_H 1
| #define HAVE_STDLIB_H 1
| #define HAVE_STRING_H 1
| #define HAVE_MEMORY_H 1
| #define HAVE_STRINGS_H 1
| #define HAVE_INTTYPES_H 1
| #define HAVE_STDINT_H 1
| #define HAVE_UNISTD_H 1
| #define LT_OBJDIR ".libs/"
| /* end confdefs.h.  */
| #include <ac_nonexistent.h>
configure:10470: result: x86_64-w64-mingw32-g++ -E
configure:10490: x86_64-w64-mingw32-g++ -E  conftest.cpp
configure:10490: $? = 0
configure:10504: x86_64-w64-mingw32-g++ -E  conftest.cpp
conftest.cpp:24:10: fatal error: ac_nonexistent.h: No such file or directory
 #include <ac_nonexistent.h>
          ^~~~~~~~~~~~~~~~~~
compilation terminated.
configure:10504: $? = 1
configure: failed program was:
| /* confdefs.h */
| #define PACKAGE_NAME "libsigc++"
| #define PACKAGE_TARNAME "libsigc++"
| #define PACKAGE_VERSION "2.10.2"
| #define PACKAGE_STRING "libsigc++ 2.10.2"
| #define PACKAGE_BUGREPORT "https://github.com/libsigcplusplus/libsigcplusplus/issues/"
| #define PACKAGE_URL "https://libsigcplusplus.github.io/libsigcplusplus/"
| #define SIGCXX_MAJOR_VERSION 2
| #define SIGCXX_MINOR_VERSION 10
| #define SIGCXX_MICRO_VERSION 2
| #define HAVE_CXX11 1
| #define STDC_HEADERS 1
| #define HAVE_SYS_TYPES_H 1
| #define HAVE_SYS_STAT_H 1
| #define HAVE_STDLIB_H 1
| #define HAVE_STRING_H 1
| #define HAVE_MEMORY_H 1
| #define HAVE_STRINGS_H 1
| #define HAVE_INTTYPES_H 1
| #define HAVE_STDINT_H 1
| #define HAVE_UNISTD_H 1
| #define LT_OBJDIR ".libs/"
| /* end confdefs.h.  */
| #include <ac_nonexistent.h>
configure:10666: checking for ld used by x86_64-w64-mingw32-g++
configure:10733: result: /usr/bin/x86_64-w64-mingw32-ld
configure:10740: checking if the linker (/usr/bin/x86_64-w64-mingw32-ld) is GNU ld
configure:10755: result: yes
configure:10810: checking whether the x86_64-w64-mingw32-g++ linker (/usr/bin/x86_64-w64-mingw32-ld) supports shared libraries
configure:11883: result: yes
configure:11919: x86_64-w64-mingw32-g++ -c -g -O2  conftest.cpp >&5
configure:11922: $? = 0
configure:12403: checking for x86_64-w64-mingw32-g++ option to produce PIC
configure:12410: result: -DDLL_EXPORT -DPIC
configure:12418: checking if x86_64-w64-mingw32-g++ PIC flag -DDLL_EXPORT -DPIC works
configure:12436: x86_64-w64-mingw32-g++ -c -g -O2  -DDLL_EXPORT -DPIC -DPIC conftest.cpp >&5
configure:12440: $? = 0
configure:12453: result: yes
configure:12476: checking if x86_64-w64-mingw32-g++ static flag -static works
configure:12504: result: yes
configure:12516: checking if x86_64-w64-mingw32-g++ supports -c -o file.o
configure:12537: x86_64-w64-mingw32-g++ -c -g -O2  -o out/conftest2.o conftest.cpp >&5
configure:12541: $? = 0
configure:12563: result: yes
configure:12568: checking if x86_64-w64-mingw32-g++ supports -c -o file.o
configure:12615: result: yes
configure:12645: checking whether the x86_64-w64-mingw32-g++ linker (/usr/bin/x86_64-w64-mingw32-ld) supports shared libraries
configure:12688: result: yes
configure:12829: checking dynamic linker characteristics
configure:13586: result: Win32 ld.exe
configure:13651: checking how to hardcode library paths into programs
configure:13676: result: immediate
configure:12574: checking for gm4
configure:12604: result: no
configure:12574: checking for m4
configure:12590: found /usr/bin/m4
configure:12601: result: m4
configure:12622: checking for perl
configure:12640: found /usr/bin/perl
configure:12653: result: /usr/bin/perl
configure:12664: checking for dot
configure:12682: found /usr/bin/dot
configure:12695: result: /usr/bin/dot
configure:12705: checking for doxygen
configure:12736: result: doxygen
configure:12746: checking for xsltproc
configure:12777: result: xsltproc
configure:12848: checking for x86_64-w64-mingw32-pkg-config
configure:12881: result: no
configure:12891: checking for pkg-config
configure:12909: found /usr/bin/pkg-config
configure:12921: result: /usr/bin/pkg-config
configure:12946: checking pkg-config is at least version 0.9.0
configure:12949: result: yes
configure:13051: checking if C++ compiler supports the use of a particular specialization when calling operator() template methods.
configure:13095: x86_64-w64-mingw32-g++ -c -g -O2  conftest.cpp >&5
configure:13095: $? = 0
configure:13108: result: yes
configure:13112: checking if C++ compiler supports the use of a particular specialization when calling operator() template methods omitting the template keyword.
configure:13156: x86_64-w64-mingw32-g++ -c -g -O2  conftest.cpp >&5
configure:13156: $? = 0
configure:13169: result: yes
configure:13173: checking if C++ preprocessor supports pragma push_macro() and pop_macro().
configure:13218: x86_64-w64-mingw32-g++ -c -g -O2  conftest.cpp >&5
configure:13218: $? = 0
configure:13231: result: yes
configure:13235: checking for non-standard Sun libCstd reverse_iterator
configure:13256: x86_64-w64-mingw32-g++ -c -g -O2  conftest.cpp >&5
conftest.cpp: In function 'int main()':
conftest.cpp:34:100: error: wrong number of template arguments (6, should be 1)
       typedef std::reverse_iterator<char*, std::random_access_iterator_tag, char, char&, char*, int> ReverseIter;
                                                                                                    ^
In file included from /usr/lib/gcc/x86_64-w64-mingw32/8.3-win32/include/c++/iterator:63,
                 from conftest.cpp:28:
/usr/lib/gcc/x86_64-w64-mingw32/8.3-win32/include/c++/bits/stl_iterator.h:101:11: note: provided for 'template<class _Iterator> class std::reverse_iterator'
     class reverse_iterator
           ^~~~~~~~~~~~~~~~
configure:13256: $? = 1
configure: failed program was:
| /* confdefs.h */
| #define PACKAGE_NAME "libsigc++"
| #define PACKAGE_TARNAME "libsigc++"
| #define PACKAGE_VERSION "2.10.2"
| #define PACKAGE_STRING "libsigc++ 2.10.2"
| #define PACKAGE_BUGREPORT "https://github.com/libsigcplusplus/libsigcplusplus/issues/"
| #define PACKAGE_URL "https://libsigcplusplus.github.io/libsigcplusplus/"
| #define SIGCXX_MAJOR_VERSION 2
| #define SIGCXX_MINOR_VERSION 10
| #define SIGCXX_MICRO_VERSION 2
| #define HAVE_CXX11 1
| #define STDC_HEADERS 1
| #define HAVE_SYS_TYPES_H 1
| #define HAVE_SYS_STAT_H 1
| #define HAVE_STDLIB_H 1
| #define HAVE_STRING_H 1
| #define HAVE_MEMORY_H 1
| #define HAVE_STRINGS_H 1
| #define HAVE_INTTYPES_H 1
| #define HAVE_STDINT_H 1
| #define HAVE_UNISTD_H 1
| #define LT_OBJDIR ".libs/"
| #define SIGC_GCC_TEMPLATE_SPECIALIZATION_OPERATOR_OVERLOAD 1
| #define SIGC_MSVC_TEMPLATE_SPECIALIZATION_OPERATOR_OVERLOAD 1
| #define SIGC_PRAGMA_PUSH_POP_MACRO 1
| /* end confdefs.h.  */
| 
|       #include <iterator>
| 
| int
| main ()
| {
| 
|       typedef std::reverse_iterator<char*, std::random_access_iterator_tag, char, char&, char*, int> ReverseIter;
| 
|   ;
|   return 0;
| }
configure:13265: result: no
configure:13298: checking which C++ compiler warning flags to use
configure:13348: result: -Wall
configure:13364: Deprecated API will be built, for backwards-compatibility.
configure:14282: checking that generated files are newer than configure
configure:14288: result: done
configure:14335: creating ./config.status

## ---------------------- ##
## Running config.status. ##
## ---------------------- ##

This file was extended by libsigc++ config.status 2.10.2, which was
generated by GNU Autoconf 2.69.  Invocation command line was

  CONFIG_FILES    = 
  CONFIG_HEADERS  = 
  CONFIG_LINKS    = 
  CONFIG_COMMANDS = 
  $ ./config.status 

on frank

config.status:1214: creating Makefile
config.status:1214: creating sigc++-2.0.pc
config.status:1214: creating sigc++-2.0-uninstalled.pc
config.status:1214: creating sigc++/Makefile
config.status:1214: creating examples/Makefile
config.status:1214: creating tests/Makefile
config.status:1214: creating docs/Makefile
config.status:1214: creating docs/reference/Doxyfile
config.status:1214: creating MSVC_NMake/sigc.rc
config.status:1214: creating config.h
config.status:1395: config.h is unchanged
config.status:1214: creating sigc++config.h
config.status:1395: sigc++config.h is unchanged
config.status:1443: executing depfiles commands
config.status:1520: cd sigc++       && sed -e '/# am--include-marker/d' Makefile         | make -f - am--depfiles
make: Nothing to be done for 'am--depfiles'.
config.status:1525: $? = 0
config.status:1520: cd examples       && sed -e '/# am--include-marker/d' Makefile         | make -f - am--depfiles
make: Nothing to be done for 'am--depfiles'.
config.status:1525: $? = 0
config.status:1520: cd tests       && sed -e '/# am--include-marker/d' Makefile         | make -f - am--depfiles
make: Nothing to be done for 'am--depfiles'.
config.status:1525: $? = 0
config.status:1443: executing libtool commands
config.status:1443: executing MSVC_NMake/sigc++config.h commands

## ---------------- ##
## Cache variables. ##
## ---------------- ##

ac_cv_build=x86_64-pc-linux-gnu
ac_cv_c_compiler_gnu=yes
ac_cv_cxx_compiler_gnu=yes
ac_cv_env_ACLOCAL_FLAGS_set=
ac_cv_env_ACLOCAL_FLAGS_value=
ac_cv_env_CCC_set=
ac_cv_env_CCC_value=
ac_cv_env_CC_set=
ac_cv_env_CC_value=
ac_cv_env_CFLAGS_set=
ac_cv_env_CFLAGS_value=
ac_cv_env_CPPFLAGS_set=
ac_cv_env_CPPFLAGS_value=
ac_cv_env_CPP_set=
ac_cv_env_CPP_value=
ac_cv_env_CXXCPP_set=
ac_cv_env_CXXCPP_value=
ac_cv_env_CXXFLAGS_set=
ac_cv_env_CXXFLAGS_value=
ac_cv_env_CXX_set=
ac_cv_env_CXX_value=
ac_cv_env_DOT_set=
ac_cv_env_DOT_value=
ac_cv_env_DOXYGEN_set=
ac_cv_env_DOXYGEN_value=
ac_cv_env_LDFLAGS_set=
ac_cv_env_LDFLAGS_value=
ac_cv_env_LIBS_set=
ac_cv_env_LIBS_value=
ac_cv_env_LT_SYS_LIBRARY_PATH_set=
ac_cv_env_LT_SYS_LIBRARY_PATH_value=
ac_cv_env_M4_set=
ac_cv_env_M4_value=
ac_cv_env_PERL_set=
ac_cv_env_PERL_value=
ac_cv_env_PKG_CONFIG_LIBDIR_set=
ac_cv_env_PKG_CONFIG_LIBDIR_value=
ac_cv_env_PKG_CONFIG_PATH_set=
ac_cv_env_PKG_CONFIG_PATH_value=
ac_cv_env_PKG_CONFIG_set=
ac_cv_env_PKG_CONFIG_value=
ac_cv_env_XSLTPROC_set=
ac_cv_env_XSLTPROC_value=
ac_cv_env_build_alias_set=
ac_cv_env_build_alias_value=
ac_cv_env_host_alias_set=set
ac_cv_env_host_alias_value=x86_64-w64-mingw32
ac_cv_env_target_alias_set=
ac_cv_env_target_alias_value=
ac_cv_exeext=.exe
ac_cv_header_dlfcn_h=no
ac_cv_header_inttypes_h=yes
ac_cv_header_memory_h=yes
ac_cv_header_stdc=yes
ac_cv_header_stdint_h=yes
ac_cv_header_stdlib_h=yes
ac_cv_header_string_h=yes
ac_cv_header_strings_h=yes
ac_cv_header_sys_stat_h=yes
ac_cv_header_sys_types_h=yes
ac_cv_header_unistd_h=yes
ac_cv_host=x86_64-w64-mingw32
ac_cv_objext=o
ac_cv_path_DOT=/usr/bin/dot
ac_cv_path_DOXYGEN=doxygen
ac_cv_path_EGREP='/bin/grep -E'
ac_cv_path_FGREP='/bin/grep -F'
ac_cv_path_GREP=/bin/grep
ac_cv_path_PERL=/usr/bin/perl
ac_cv_path_SED=/bin/sed
ac_cv_path_XSLTPROC=xsltproc
ac_cv_path_ac_pt_PKG_CONFIG=/usr/bin/pkg-config
ac_cv_path_install='/usr/bin/install -c'
ac_cv_path_lt_DD=/bin/dd
ac_cv_path_mkdir=/bin/mkdir
ac_cv_prog_AR=x86_64-w64-mingw32-ar
ac_cv_prog_AS=x86_64-w64-mingw32-as
ac_cv_prog_AWK=gawk
ac_cv_prog_CC=x86_64-w64-mingw32-gcc
ac_cv_prog_CPP='x86_64-w64-mingw32-gcc -E'
ac_cv_prog_CXX=x86_64-w64-mingw32-g++
ac_cv_prog_CXXCPP='x86_64-w64-mingw32-g++ -E'
ac_cv_prog_DLLTOOL=x86_64-w64-mingw32-dlltool
ac_cv_prog_M4=m4
ac_cv_prog_OBJDUMP=x86_64-w64-mingw32-objdump
ac_cv_prog_RANLIB=x86_64-w64-mingw32-ranlib
ac_cv_prog_STRIP=x86_64-w64-mingw32-strip
ac_cv_prog_ac_ct_MANIFEST_TOOL=mt
ac_cv_prog_cc_c89=
ac_cv_prog_cc_g=yes
ac_cv_prog_cxx_g=yes
ac_cv_prog_make_make_set=yes
am_cv_CC_dependencies_compiler_type=gcc3
am_cv_CXX_dependencies_compiler_type=gcc3
am_cv_make_support_nested_variables=yes
am_cv_prog_cc_c_o=yes
am_cv_prog_tar_ustar=gnutar
ax_cv_cxx_compile_cxx11=yes
lt_cv_ar_at_file=@
lt_cv_deplibs_check_method='file_magic ^x86 archive import|^x86 DLL'
lt_cv_file_magic_cmd=func_win32_libid
lt_cv_file_magic_test_file=
lt_cv_ld_reload_flag=-r
lt_cv_nm_interface='BSD nm'
lt_cv_objdir=.libs
lt_cv_path_LD=/usr/bin/x86_64-w64-mingw32-ld
lt_cv_path_LDCXX=/usr/bin/x86_64-w64-mingw32-ld
lt_cv_path_NM='/usr/bin/x86_64-w64-mingw32-nm -B'
lt_cv_path_mainfest_tool=no
lt_cv_prog_compiler_c_o=yes
lt_cv_prog_compiler_c_o_CXX=yes
lt_cv_prog_compiler_pic='-DDLL_EXPORT -DPIC'
lt_cv_prog_compiler_pic_CXX='-DDLL_EXPORT -DPIC'
lt_cv_prog_compiler_pic_works=yes
lt_cv_prog_compiler_pic_works_CXX=yes
lt_cv_prog_compiler_rtti_exceptions=no
lt_cv_prog_compiler_static_works=yes
lt_cv_prog_compiler_static_works_CXX=yes
lt_cv_prog_gnu_ld=yes
lt_cv_prog_gnu_ldcxx=yes
lt_cv_sharedlib_from_linklib_cmd=func_cygming_dll_for_implib
lt_cv_sys_global_symbol_pipe='sed -n -e '\''s/^.*[	 ]\([ABCDGIRSTW][ABCDGIRSTW]*\)[	 ][	 ]*\([_A-Za-z][_A-Za-z0-9]*\)$/\1 \2 \2/p'\'' | sed '\''/ __gnu_lto/d'\'''
lt_cv_sys_global_symbol_to_c_name_address='sed -n -e '\''s/^: \(.*\) .*$/  {"\1", (void *) 0},/p'\'' -e '\''s/^[ABCDGIRSTW][ABCDGIRSTW]* .* \(.*\)$/  {"\1", (void *) \&\1},/p'\'''
lt_cv_sys_global_symbol_to_c_name_address_lib_prefix='sed -n -e '\''s/^: \(.*\) .*$/  {"\1", (void *) 0},/p'\'' -e '\''s/^[ABCDGIRSTW][ABCDGIRSTW]* .* \(lib.*\)$/  {"\1", (void *) \&\1},/p'\'' -e '\''s/^[ABCDGIRSTW][ABCDGIRSTW]* .* \(.*\)$/  {"lib\1", (void *) \&\1},/p'\'''
lt_cv_sys_global_symbol_to_cdecl='sed -n -e '\''s/^T .* \(.*\)$/extern int \1();/p'\'' -e '\''s/^[ABCDGIRSTW][ABCDGIRSTW]* .* \(.*\)$/extern char \1;/p'\'''
lt_cv_sys_global_symbol_to_import=
lt_cv_sys_max_cmd_len=1572864
lt_cv_to_host_file_cmd=func_convert_file_nix_to_w32
lt_cv_to_tool_file_cmd=func_convert_file_noop
lt_cv_truncate_bin='/bin/dd bs=4096 count=1'
sigc_cv_cxx_has_sun_reverse_iterator=no

## ----------------- ##
## Output variables. ##
## ----------------- ##

ACLOCAL='${SHELL} /tmp/libsigc++-2.10.2/build/missing aclocal-1.16'
ACLOCAL_FLAGS=''
AMDEPBACKSLASH='\'
AMDEP_FALSE='#'
AMDEP_TRUE=''
AMTAR='$${TAR-tar}'
AM_BACKSLASH='\'
AM_DEFAULT_V='$(AM_DEFAULT_VERBOSITY)'
AM_DEFAULT_VERBOSITY='0'
AM_V='$(V)'
AR='x86_64-w64-mingw32-ar'
AS='x86_64-w64-mingw32-as'
AUTOCONF='${SHELL} /tmp/libsigc++-2.10.2/build/missing autoconf'
AUTOHEADER='${SHELL} /tmp/libsigc++-2.10.2/build/missing autoheader'
AUTOMAKE='${SHELL} /tmp/libsigc++-2.10.2/build/missing automake-1.16'
AWK='gawk'
BOOST_CPPFLAGS=''
BOOST_LDFLAGS=''
BOOST_SYSTEM_LIB=''
BOOST_TIMER_LIB=''
CC='x86_64-w64-mingw32-gcc'
CCDEPMODE='depmode=gcc3'
CFLAGS='-g -O2'
CPP='x86_64-w64-mingw32-gcc -E'
CPPFLAGS=''
CXX='x86_64-w64-mingw32-g++'
CXXCPP='x86_64-w64-mingw32-g++ -E'
CXXDEPMODE='depmode=gcc3'
CXXFLAGS='-g -O2'
CYGPATH_W='echo'
DEFS='-DHAVE_CONFIG_H'
DEPDIR='.deps'
DISABLE_DEPRECATED_API_FALSE=''
DISABLE_DEPRECATED_API_TRUE='#'
DIST_DOCTOOLS_FALSE='#'
DIST_DOCTOOLS_TRUE=''
DLLTOOL='x86_64-w64-mingw32-dlltool'
DOCINSTALL_FLAGS=''
DOT='/usr/bin/dot'
DOXYGEN='doxygen'
DOXYGEN_TAGFILES=''
DSYMUTIL=''
DUMPBIN=''
ECHO_C=''
ECHO_N='-n'
ECHO_T=''
EGREP='/bin/grep -E'
ENABLE_DOCUMENTATION_FALSE=''
ENABLE_DOCUMENTATION_TRUE='#'
EXEEXT='.exe'
FGREP='/bin/grep -F'
GREP='/bin/grep'
HAVE_CXX11='1'
INSTALL_DATA='${INSTALL} -m 644'
INSTALL_PROGRAM='${INSTALL}'
INSTALL_SCRIPT='${INSTALL}'
INSTALL_STRIP_PROGRAM='$(install_sh) -c -s'
LD='/usr/bin/x86_64-w64-mingw32-ld'
LDFLAGS=''
LIBOBJS=''
LIBS=''
LIBTOOL='$(SHELL) $(top_builddir)/libtool'
LIPO=''
LN_S='ln -s'
LTLIBOBJS=''
LT_SYS_LIBRARY_PATH=''
M4='m4'
MAINT='#'
MAINTAINER_MODE_FALSE=''
MAINTAINER_MODE_TRUE='#'
MAKEINFO='${SHELL} /tmp/libsigc++-2.10.2/build/missing makeinfo'
MANIFEST_TOOL=':'
MKDIR_P='/bin/mkdir -p'
MMDOCTOOLDIR='${top_srcdir}/docs'
NM='/usr/bin/x86_64-w64-mingw32-nm -B'
NMEDIT=''
OBJDUMP='x86_64-w64-mingw32-objdump'
OBJEXT='o'
OTOOL64=''
OTOOL=''
PACKAGE='libsigc++'
PACKAGE_BUGREPORT='https://github.com/libsigcplusplus/libsigcplusplus/issues/'
PACKAGE_NAME='libsigc++'
PACKAGE_STRING='libsigc++ 2.10.2'
PACKAGE_TARNAME='libsigc++'
PACKAGE_URL='https://libsigcplusplus.github.io/libsigcplusplus/'
PACKAGE_VERSION='2.10.2'
PATH_SEPARATOR=':'
PERL='/usr/bin/perl'
PKG_CONFIG='/usr/bin/pkg-config'
PKG_CONFIG_LIBDIR=''
PKG_CONFIG_PATH=''
RANLIB='x86_64-w64-mingw32-ranlib'
SED='/bin/sed'
SET_MAKE=''
SHELL='/bin/bash'
SIGCXX_API_VERSION='2.0'
SIGCXX_MAJOR_VERSION='2'
SIGCXX_MICRO_VERSION='2'
SIGCXX_MINOR_VERSION='10'
SIGCXX_MODULE_NAME='sigc++-2.0'
SIGCXX_VERSION='2.10.2'
SIGC_BUILD_BENCHMARK_FALSE=''
SIGC_BUILD_BENCHMARK_TRUE='#'
SIGC_WXXFLAGS='-Wall'
STRIP='x86_64-w64-mingw32-strip'
VERSION='2.10.2'
XSLTPROC='xsltproc'
ac_ct_AR=''
ac_ct_CC=''
ac_ct_CXX=''
ac_ct_DUMPBIN=''
am__EXEEXT_FALSE='#'
am__EXEEXT_TRUE=''
am__fastdepCC_FALSE='#'
am__fastdepCC_TRUE=''
am__fastdepCXX_FALSE='#'
am__fastdepCXX_TRUE=''
am__include='include'
am__isrc=''
am__leading_dot='.'
am__nodep='_no'
am__quote=''
am__tar='tar --format=ustar -chf - "$$tardir"'
am__untar='tar -xf -'
bindir='${exec_prefix}/bin'
build='x86_64-pc-linux-gnu'
build_alias=''
build_cpu='x86_64'
build_os='linux-gnu'
build_vendor='pc'
datadir='${datarootdir}'
datarootdir='${prefix}/share'
docdir='${datarootdir}/doc/${PACKAGE_TARNAME}'
dvidir='${docdir}'
exec_prefix='${prefix}'
host='x86_64-w64-mingw32'
host_alias='x86_64-w64-mingw32'
host_cpu='x86_64'
host_os='mingw32'
host_vendor='w64'
htmldir='${docdir}'
includedir='${prefix}/include'
infodir='${datarootdir}/info'
install_sh='${SHELL} /tmp/libsigc++-2.10.2/build/install-sh'
libdir='${exec_prefix}/lib'
libexecdir='${exec_prefix}/libexec'
localedir='${datarootdir}/locale'
localstatedir='${prefix}/var'
mandir='${datarootdir}/man'
mkdir_p='$(MKDIR_P)'
oldincludedir='/usr/include'
pdfdir='${docdir}'
prefix=''
program_transform_name='s,x,x,'
psdir='${docdir}'
runstatedir='${localstatedir}/run'
sbindir='${exec_prefix}/sbin'
sharedstatedir='${prefix}/com'
sysconfdir='${prefix}/etc'
target_alias=''

## ----------- ##
## confdefs.h. ##
## ----------- ##

/* confdefs.h */
#define PACKAGE_NAME "libsigc++"
#define PACKAGE_TARNAME "libsigc++"
#define PACKAGE_VERSION "2.10.2"
#define PACKAGE_STRING "libsigc++ 2.10.2"
#define PACKAGE_BUGREPORT "https://github.com/libsigcplusplus/libsigcplusplus/issues/"
#define PACKAGE_URL "https://libsigcplusplus.github.io/libsigcplusplus/"
#define SIGCXX_MAJOR_VERSION 2
#define SIGCXX_MINOR_VERSION 10
#define SIGCXX_MICRO_VERSION 2
#define HAVE_CXX11 1
#define STDC_HEADERS 1
#define HAVE_SYS_TYPES_H 1
#define HAVE_SYS_STAT_H 1
#define HAVE_STDLIB_H 1
#define HAVE_STRING_H 1
#define HAVE_MEMORY_H 1
#define HAVE_STRINGS_H 1
#define HAVE_INTTYPES_H 1
#define HAVE_STDINT_H 1
#define HAVE_UNISTD_H 1
#define LT_OBJDIR ".libs/"
#define SIGC_GCC_TEMPLATE_SPECIALIZATION_OPERATOR_OVERLOAD 1
#define SIGC_MSVC_TEMPLATE_SPECIALIZATION_OPERATOR_OVERLOAD 1
#define SIGC_PRAGMA_PUSH_POP_MACRO 1

configure: exit 0
